<?xml version="1.0" encoding="UTF-8"?>
<testng-results ignored="0" total="1" passed="1" failed="0" skipped="0">
  <reporter-output>
  </reporter-output>
  <suite started-at="2024-10-09T08:59:35 GMT-07:00" name="Default suite" finished-at="2024-10-09T08:59:41 GMT-07:00" duration-ms="5076">
    <groups>
    </groups>
    <test started-at="2024-10-09T08:59:35 GMT-07:00" name="Default test" finished-at="2024-10-09T08:59:41 GMT-07:00" duration-ms="5076">
      <class name="org.fancode.sdetAssignment.ApiTest">
        <test-method signature="testUserToDosCompletion()[pri:0, instance:org.fancode.sdetAssignment.ApiTest@77888435]" started-at="2024-10-09T08:59:35 GMT-07:00" name="testUserToDosCompletion" finished-at="2024-10-09T08:59:41 GMT-07:00" duration-ms="5037" status="PASS">
          <reporter-output>
          </reporter-output>
        </test-method> <!-- testUserToDosCompletion -->
      </class> <!-- org.fancode.sdetAssignment.ApiTest -->
    </test> <!-- Default test -->
  </suite> <!-- Default suite -->
</testng-results>
